{
  "RSpec": {
    "coverage": {
      "/home/ubuntu/workspace/app/helpers/admin/admin_advertisements_helper.rb": [
        1,
        null
      ],
      "/home/ubuntu/workspace/app/helpers/admin/application_helper.rb": [
        1,
        null
      ],
      "/home/ubuntu/workspace/app/helpers/admin/shorts_helper.rb": [
        1,
        null
      ],
      "/home/ubuntu/workspace/app/helpers/admin/user_helper.rb": [
        1,
        null
      ],
      "/home/ubuntu/workspace/app/helpers/advertisements_helper.rb": [
        1,
        null,
        1,
        1,
        null,
        null,
        null
      ],
      "/home/ubuntu/workspace/app/helpers/application_helper.rb": [
        1,
        null
      ],
      "/home/ubuntu/workspace/app/helpers/greetings_helper.rb": [
        1,
        null
      ],
      "/home/ubuntu/workspace/app/helpers/password_resets_helper.rb": [
        1,
        null
      ],
      "/home/ubuntu/workspace/app/helpers/shorts_helper.rb": [
        1,
        null,
        1,
        44,
        null,
        null,
        null
      ],
      "/home/ubuntu/workspace/app/helpers/static_pages_helper.rb": [
        1,
        null
      ],
      "/home/ubuntu/workspace/app/helpers/test_helper.rb": [
        1,
        1,
        1,
        57,
        null,
        57,
        57,
        null,
        57,
        null,
        null,
        null
      ],
      "/home/ubuntu/workspace/app/helpers/user_helper.rb": [
        1,
        null,
        1,
        19,
        null,
        null,
        null
      ],
      "/home/ubuntu/workspace/app/controllers/admin/shorts_controller.rb": [
        1,
        null,
        null,
        null,
        1,
        23,
        null,
        null,
        null,
        null,
        1,
        3,
        null,
        null,
        null,
        null,
        1,
        2,
        2,
        2,
        2,
        1,
        null,
        2,
        1,
        null,
        null,
        null,
        null,
        null,
        null,
        1,
        1,
        1,
        1,
        2,
        1,
        null,
        null,
        null,
        1,
        null,
        null,
        1,
        2,
        null,
        null,
        null
      ],
      "/home/ubuntu/workspace/app/controllers/admin/application_controller.rb": [
        1,
        1,
        null,
        1,
        null,
        1,
        58,
        58,
        1,
        2,
        null,
        null,
        null,
        null,
        null
      ],
      "/home/ubuntu/workspace/app/controllers/application_controller.rb": [
        1,
        1,
        null
      ],
      "/home/ubuntu/workspace/spec/controllers/advertisements_controller_spec.rb": [
        1,
        null,
        1,
        null,
        null
      ],
      "/home/ubuntu/workspace/app/controllers/advertisements_controller.rb": [
        1,
        null,
        1,
        0,
        null,
        null,
        1,
        null,
        null,
        1,
        0,
        null,
        null,
        1,
        0,
        null,
        null,
        1,
        3,
        3,
        3,
        2,
        1,
        null,
        4,
        2,
        null,
        null,
        null,
        null,
        1,
        0,
        0,
        0,
        0,
        0,
        null,
        0,
        0,
        null,
        null,
        null,
        null,
        1,
        0,
        0,
        0,
        0,
        0,
        null,
        null,
        null,
        null,
        1,
        null,
        1,
        3,
        null,
        null,
        null
      ],
      "/home/ubuntu/workspace/spec/controllers/greetings_controller_spec.rb": [
        1,
        null,
        1,
        null,
        1,
        1,
        1,
        1,
        null,
        null,
        null,
        null
      ],
      "/home/ubuntu/workspace/app/controllers/greetings_controller.rb": [
        1,
        1,
        2,
        null,
        null
      ],
      "/home/ubuntu/workspace/spec/controllers/shorts_controller_spec.rb": [
        1,
        null,
        null,
        null,
        null,
        null,
        null,
        null,
        null,
        null,
        null,
        null,
        null,
        null,
        null,
        null,
        null,
        null,
        null,
        null,
        1,
        null,
        null,
        null,
        null,
        1,
        5,
        null,
        null,
        1,
        2,
        null,
        null,
        null,
        null,
        null,
        9,
        null,
        null,
        1,
        1,
        1,
        1,
        1,
        null,
        null,
        null,
        1,
        1,
        1,
        1,
        1,
        null,
        null,
        null,
        1,
        1,
        1,
        1,
        null,
        null,
        null,
        1,
        1,
        1,
        1,
        1,
        null,
        null,
        null,
        1,
        1,
        1,
        1,
        null,
        null,
        1,
        1,
        1,
        null,
        null,
        null,
        1,
        1,
        1,
        1,
        null,
        null,
        1,
        1,
        1,
        null,
        null,
        null,
        null,
        null
      ],
      "/home/ubuntu/workspace/app/controllers/shorts_controller.rb": [
        1,
        1,
        null,
        1,
        18,
        null,
        null,
        null,
        null,
        null,
        1,
        null,
        null,
        null,
        1,
        5,
        null,
        null,
        null,
        null,
        null,
        1,
        5,
        5,
        5,
        6,
        3,
        null,
        4,
        2,
        null,
        null,
        null,
        null,
        null,
        1,
        null,
        null,
        1,
        3,
        null,
        null,
        null,
        1,
        5,
        null,
        null
      ],
      "/home/ubuntu/workspace/spec/controllers/static_pages_controller_spec.rb": [
        1,
        null,
        1,
        null,
        1,
        1,
        1,
        1,
        null,
        null,
        null,
        null
      ],
      "/home/ubuntu/workspace/app/controllers/static_pages_controller.rb": [
        1,
        null,
        1,
        152,
        152,
        152,
        null,
        null,
        1,
        17,
        17,
        17,
        null,
        null,
        null,
        null
      ],
      "/home/ubuntu/workspace/spec/features/admin/ads_destroy_action_spec.rb": [
        1,
        1,
        null,
        1,
        null,
        3,
        null,
        1,
        2,
        null,
        null,
        2,
        2,
        2,
        null,
        null,
        1,
        1,
        null,
        null,
        1,
        1,
        1,
        null,
        null,
        null
      ],
      "/home/ubuntu/workspace/spec/features/admin/short_create_action_spec.rb": [
        1,
        1,
        null,
        1,
        null,
        5,
        null,
        1,
        4,
        4,
        4,
        4,
        4,
        null,
        null,
        1,
        1,
        null,
        null,
        1,
        1,
        0,
        0,
        null,
        null,
        1,
        1,
        0,
        0,
        null,
        null,
        1,
        1,
        0,
        0,
        0,
        0,
        null,
        null,
        null
      ],
      "/home/ubuntu/workspace/spec/features/admin/short_destroy_action_spec.rb": [
        1,
        1,
        null,
        1,
        null,
        3,
        null,
        1,
        2,
        2,
        2,
        2,
        2,
        null,
        null,
        1,
        1,
        null,
        null,
        1,
        1,
        1,
        null,
        null,
        null
      ],
      "/home/ubuntu/workspace/spec/features/admin/short_edit_action_spec.rb": [
        1,
        1,
        null,
        1,
        null,
        4,
        null,
        1,
        3,
        3,
        3,
        3,
        3,
        3,
        null,
        null,
        1,
        1,
        null,
        null,
        1,
        1,
        1,
        1,
        null,
        null,
        1,
        1,
        1,
        1,
        null,
        null,
        null,
        null
      ],
      "/home/ubuntu/workspace/spec/features/admin/short_show_action_spec.rb": [
        1,
        1,
        null,
        1,
        null,
        3,
        null,
        1,
        2,
        2,
        2,
        2,
        2,
        2,
        null,
        null,
        1,
        1,
        null,
        null,
        1,
        1,
        1,
        null,
        null,
        null,
        null
      ],
      "/home/ubuntu/workspace/spec/features/admin/urls_paginations_spec.rb": [
        1,
        1,
        null,
        null,
        1,
        null,
        1,
        7,
        7,
        35,
        35,
        null,
        7,
        7,
        7,
        7,
        null,
        null,
        1,
        1,
        null,
        null,
        1,
        1,
        1,
        1,
        1,
        null,
        null,
        1,
        1,
        1,
        1,
        null,
        null,
        null,
        1,
        1,
        1,
        1,
        1,
        null,
        null,
        1,
        1,
        1,
        null,
        null,
        1,
        1,
        1,
        null,
        null,
        1,
        1,
        1,
        null,
        null,
        null
      ],
      "/home/ubuntu/workspace/spec/features/admin/users_destroy_action_spec.rb": [
        1,
        1,
        null,
        1,
        null,
        3,
        2,
        null,
        1,
        2,
        2,
        2,
        2,
        null,
        null,
        1,
        1,
        null,
        null,
        1,
        1,
        1,
        1,
        1,
        null,
        null,
        null
      ],
      "/home/ubuntu/workspace/spec/features/admin/users_paginations_spec.rb": [
        1,
        1,
        null,
        null,
        1,
        null,
        1,
        7,
        7,
        35,
        35,
        35,
        35,
        null,
        7,
        7,
        7,
        null,
        null,
        1,
        1,
        null,
        null,
        1,
        1,
        1,
        1,
        1,
        null,
        null,
        1,
        1,
        1,
        1,
        null,
        null,
        null,
        1,
        1,
        1,
        1,
        1,
        null,
        null,
        1,
        1,
        1,
        null,
        null,
        1,
        1,
        1,
        null,
        null,
        1,
        1,
        1,
        null,
        null,
        null
      ],
      "/home/ubuntu/workspace/spec/features/admin/users_show_action_spec.rb": [
        1,
        1,
        null,
        1,
        null,
        3,
        null,
        1,
        2,
        2,
        2,
        2,
        2,
        2,
        null,
        null,
        1,
        1,
        null,
        null,
        1,
        1,
        1,
        null,
        null,
        null,
        null
      ],
      "/home/ubuntu/workspace/spec/features/ads_create_action_spec.rb": [
        1,
        1,
        null,
        1,
        null,
        5,
        null,
        1,
        4,
        4,
        null,
        null,
        1,
        1,
        null,
        null,
        1,
        1,
        1,
        1,
        1,
        null,
        null,
        1,
        1,
        1,
        1,
        1,
        null,
        null,
        1,
        1,
        1,
        1,
        1,
        null,
        null,
        null
      ],
      "/home/ubuntu/workspace/spec/features/ads_destroy_action_spec.rb": [
        1,
        1,
        null,
        1,
        null,
        3,
        null,
        1,
        2,
        null,
        null,
        2,
        2,
        2,
        null,
        null,
        1,
        0,
        null,
        null,
        1,
        0,
        0,
        null,
        null,
        null
      ],
      "/home/ubuntu/workspace/spec/features/ads_edit_action_spec.rb": [
        1,
        1,
        null,
        1,
        null,
        4,
        null,
        1,
        3,
        null,
        null,
        3,
        3,
        3,
        0,
        null,
        null,
        1,
        0,
        null,
        null,
        1,
        0,
        0,
        0,
        0,
        null,
        null,
        1,
        0,
        0,
        0,
        null,
        null,
        null
      ],
      "/home/ubuntu/workspace/spec/features/ads_paginations_spec.rb": [
        1,
        1,
        null,
        null,
        1,
        null,
        8,
        null,
        1,
        7,
        35,
        35,
        35,
        35,
        null,
        7,
        7,
        7,
        null,
        null,
        1,
        0,
        null,
        null,
        1,
        1,
        0,
        0,
        0,
        null,
        null,
        1,
        0,
        0,
        0,
        null,
        null,
        null,
        1,
        1,
        0,
        0,
        0,
        null,
        null,
        1,
        0,
        0,
        null,
        null,
        1,
        0,
        0,
        null,
        null,
        1,
        0,
        0,
        null,
        null,
        null
      ],
      "/home/ubuntu/workspace/spec/features/ads_search_form_spec.rb": [
        1,
        1,
        null,
        1,
        null,
        4,
        null,
        1,
        3,
        6,
        6,
        6,
        null,
        3,
        3,
        3,
        null,
        null,
        1,
        0,
        null,
        null,
        1,
        0,
        0,
        0,
        null,
        null,
        1,
        0,
        0,
        0,
        0,
        null,
        null,
        null
      ],
      "/home/ubuntu/workspace/spec/features/ads_show_action_spec.rb": [
        1,
        1,
        null,
        1,
        null,
        3,
        null,
        1,
        2,
        null,
        null,
        2,
        2,
        2,
        0,
        null,
        null,
        1,
        0,
        null,
        null,
        1,
        0,
        0,
        0,
        null,
        null,
        null
      ],
      "/home/ubuntu/workspace/spec/features/hello_page_spec.rb": [
        1,
        null,
        1,
        1,
        1,
        1,
        null,
        null
      ],
      "/home/ubuntu/workspace/spec/features/home_page_spec.rb": [
        1,
        null,
        1,
        null,
        1,
        2,
        null,
        null,
        1,
        1,
        null,
        null,
        1,
        1,
        null,
        null,
        null
      ],
      "/home/ubuntu/workspace/spec/features/layouts_spec.rb": [
        1,
        null,
        1,
        null,
        2,
        null,
        1,
        4,
        null,
        null,
        1,
        1,
        1,
        null,
        null,
        1,
        1,
        1,
        1,
        null,
        null,
        null,
        1,
        1,
        1,
        null,
        null,
        1,
        1,
        null,
        null,
        null,
        null
      ],
      "/home/ubuntu/workspace/spec/features/short_create_and_show_action_spec.rb": [
        1,
        null,
        1,
        null,
        1,
        5,
        null,
        null,
        1,
        1,
        null,
        null,
        1,
        1,
        0,
        0,
        null,
        null,
        1,
        1,
        0,
        0,
        null,
        null,
        1,
        1,
        0,
        0,
        0,
        0,
        null,
        null,
        1,
        1,
        0,
        0,
        0,
        null,
        null
      ],
      "/home/ubuntu/workspace/spec/features/users/forgot_password_page_spec.rb": [
        1,
        null,
        1,
        null,
        4,
        null,
        1,
        6,
        6,
        6,
        null,
        null,
        1,
        1,
        null,
        null,
        1,
        1,
        1,
        1,
        null,
        null,
        null,
        1,
        1,
        1,
        1,
        null,
        null,
        1,
        null,
        1,
        3,
        3,
        null,
        null,
        1,
        1,
        null,
        null,
        1,
        1,
        null,
        null,
        1,
        1,
        1,
        1,
        null,
        null,
        null,
        null,
        null
      ],
      "/home/ubuntu/workspace/spec/features/users/login_page_spec.rb": [
        1,
        null,
        1,
        null,
        4,
        null,
        1,
        4,
        4,
        null,
        null,
        1,
        1,
        null,
        null,
        1,
        1,
        1,
        1,
        1,
        null,
        null,
        1,
        1,
        1,
        1,
        1,
        null,
        null,
        1,
        1,
        1,
        1,
        1,
        1,
        1,
        1,
        null,
        null,
        null
      ],
      "/home/ubuntu/workspace/spec/features/users/logout_user_spec.rb": [
        1,
        1,
        null,
        1,
        null,
        2,
        null,
        1,
        1,
        1,
        1,
        null,
        null,
        1,
        1,
        1,
        1,
        null,
        null,
        null,
        null
      ],
      "/home/ubuntu/workspace/spec/features/users/reset_password_page_spec.rb": [
        1,
        null,
        1,
        null,
        5,
        null,
        1,
        4,
        4,
        4,
        4,
        4,
        4,
        4,
        null,
        null,
        1,
        1,
        null,
        null,
        1,
        1,
        1,
        1,
        1,
        null,
        null,
        1,
        1,
        1,
        1,
        1,
        null,
        null,
        1,
        1,
        1,
        1,
        1,
        null,
        null,
        null
      ],
      "/home/ubuntu/workspace/spec/features/users/search_users_form_spec.rb": [
        1,
        1,
        null,
        1,
        null,
        1,
        3,
        6,
        6,
        6,
        6,
        null,
        3,
        3,
        3,
        null,
        null,
        1,
        1,
        null,
        null,
        1,
        1,
        1,
        1,
        null,
        null,
        1,
        1,
        1,
        1,
        1,
        null,
        null,
        null
      ],
      "/home/ubuntu/workspace/spec/features/users/signup_page_spec.rb": [
        1,
        null,
        1,
        null,
        2,
        null,
        null,
        1,
        6,
        6,
        null,
        null,
        1,
        1,
        null,
        null,
        1,
        1,
        1,
        1,
        1,
        1,
        1,
        1,
        null,
        null,
        1,
        1,
        1,
        1,
        1,
        1,
        null,
        null,
        1,
        1,
        1,
        1,
        1,
        1,
        1,
        null,
        null,
        1,
        1,
        1,
        1,
        1,
        1,
        null,
        null,
        null,
        1,
        1,
        1,
        1,
        1,
        1,
        1,
        null,
        null,
        null
      ],
      "/home/ubuntu/workspace/spec/helpers/advertisements_helper_spec.rb": [
        1,
        null,
        1,
        null,
        2,
        null,
        1,
        1,
        1,
        null,
        1,
        null,
        null,
        null,
        null
      ],
      "/home/ubuntu/workspace/spec/helpers/greetings_helper_spec.rb": [
        1,
        null,
        null,
        null,
        null,
        null,
        null,
        null,
        null,
        null,
        null,
        null,
        1,
        null
      ],
      "/home/ubuntu/workspace/spec/helpers/shorts_helper_spec.rb": [
        1,
        null,
        1,
        null,
        1,
        1,
        1,
        1,
        1,
        null,
        null,
        null,
        null
      ],
      "/home/ubuntu/workspace/spec/helpers/static_pages_helper_spec.rb": [
        1,
        null,
        1,
        null
      ],
      "/home/ubuntu/workspace/spec/helpers/user_helper_spec.rb": [
        1,
        null,
        1,
        null,
        1,
        1,
        1,
        1,
        null,
        null,
        null,
        null
      ],
      "/home/ubuntu/workspace/spec/models/advertisement_spec.rb": [
        1,
        null,
        1,
        null,
        6,
        6,
        null,
        6,
        null,
        2,
        2,
        2,
        2,
        2,
        null,
        null
      ],
      "/home/ubuntu/workspace/app/models/advertisement.rb": [
        1,
        1,
        1,
        1,
        1,
        1,
        1,
        null,
        1,
        3,
        0,
        null,
        3,
        null,
        null,
        null,
        1,
        60,
        1,
        null,
        null,
        null,
        null
      ],
      "/home/ubuntu/workspace/app/uploaders/picture_uploader.rb": [
        1,
        null,
        null,
        null,
        1,
        1,
        null,
        null,
        1,
        null,
        null,
        1,
        0,
        null,
        1,
        null,
        null,
        null,
        null,
        1,
        59,
        null,
        null,
        1,
        0,
        null,
        null,
        null,
        null,
        null,
        null,
        null,
        null,
        null,
        null,
        null,
        null,
        null,
        null,
        null,
        null,
        null,
        null,
        null,
        null,
        null,
        null,
        null,
        null,
        null,
        null,
        null,
        null,
        null,
        null,
        null,
        null,
        null,
        null,
        null
      ],
      "/home/ubuntu/workspace/spec/models/short_spec.rb": [
        1,
        null,
        1,
        null,
        18,
        2,
        null,
        4,
        null,
        2,
        2,
        2,
        null,
        1,
        null,
        1,
        1,
        null,
        null,
        1,
        1,
        1,
        null,
        null,
        null,
        null,
        1,
        1,
        6,
        6,
        6,
        null,
        null,
        null,
        1,
        1,
        null,
        null,
        null,
        1,
        1,
        6,
        6,
        6,
        null,
        null,
        null,
        null,
        null
      ],
      "/home/ubuntu/workspace/app/models/short.rb": [
        1,
        1,
        1,
        1,
        null,
        1,
        4,
        null,
        null,
        1,
        null,
        1,
        87,
        20,
        null,
        null,
        null
      ],
      "/home/ubuntu/workspace/spec/models/user_spec.rb": [
        1,
        null,
        1,
        null,
        12,
        null,
        1,
        1,
        1,
        null,
        null,
        1,
        5,
        5,
        5,
        null,
        null,
        null,
        1,
        5,
        5,
        5,
        null,
        null,
        null,
        null,
        null
      ],
      "/home/ubuntu/workspace/spec/routing/advertisements_routing_spec.rb": [
        1,
        null,
        1,
        1,
        null,
        1,
        1,
        null,
        null,
        1,
        1,
        null,
        null,
        1,
        1,
        null,
        null,
        1,
        1,
        null,
        null,
        1,
        1,
        null,
        null,
        1,
        1,
        null,
        null,
        1,
        1,
        null,
        null,
        1,
        1,
        null,
        null,
        null,
        null
      ],
      "/home/ubuntu/workspace/spec/routing/shorts_routing_spec.rb": [
        1,
        null,
        1,
        1,
        null,
        1,
        1,
        null,
        null,
        1,
        1,
        null,
        null,
        1,
        1,
        null,
        null,
        1,
        1,
        null,
        null,
        1,
        1,
        null,
        null,
        1,
        1,
        null,
        null,
        1,
        1,
        null,
        null,
        1,
        1,
        null,
        null,
        null,
        null
      ],
      "/home/ubuntu/workspace/spec/routing/users_routing_spec.rb": [
        1,
        null,
        1,
        1,
        null,
        1,
        1,
        null,
        null,
        1,
        1,
        null,
        null,
        1,
        1,
        null,
        null,
        null,
        null
      ],
      "/home/ubuntu/workspace/app/controllers/admin/user_controller.rb": [
        1,
        null,
        1,
        21,
        null,
        null,
        1,
        null,
        null,
        1,
        1,
        1,
        1,
        2,
        1,
        null,
        null,
        null,
        null
      ],
      "/home/ubuntu/workspace/spec/views/greetings/hello.html.erb_spec.rb": [
        1,
        null,
        1,
        null,
        null
      ],
      "/home/ubuntu/workspace/spec/views/shorts/edit.html.erb_spec.rb": [
        1,
        null,
        1,
        null,
        null,
        null,
        null,
        null,
        null,
        null,
        null,
        null,
        null,
        null,
        null,
        null,
        null,
        null
      ],
      "/home/ubuntu/workspace/spec/views/shorts/index.html.erb_spec.rb": [
        1,
        null,
        1,
        null,
        null,
        null,
        null,
        null,
        null,
        null,
        null,
        null,
        null,
        null,
        null,
        null,
        null,
        null,
        null,
        null,
        null
      ],
      "/home/ubuntu/workspace/spec/views/shorts/new.html.erb_spec.rb": [
        1,
        null,
        1,
        1,
        1,
        null,
        null,
        null,
        null,
        1,
        1,
        null,
        1,
        null,
        1,
        null,
        null,
        null
      ],
      "/home/ubuntu/workspace/spec/views/shorts/show.html.erb_spec.rb": [
        1,
        null,
        1,
        1,
        1,
        null,
        null,
        null,
        null,
        1,
        1,
        1,
        null,
        null
      ],
      "/home/ubuntu/workspace/spec/views/static_pages/home.html.erb_spec.rb": [
        1,
        null,
        1,
        null
      ],
      "/home/ubuntu/workspace/app/controllers/admin/admin_advertisements_controller.rb": [
        1,
        null,
        1,
        3,
        null,
        null,
        1,
        null,
        null,
        1,
        1,
        1,
        1,
        2,
        1,
        null,
        null,
        null,
        null
      ]
    },
    "timestamp": 1499307699
  }
}
