{
  "RSpec": {
    "coverage": {
      "/home/ubuntu/workspace/app/helpers/admin/admin_advertisements_helper.rb": [
        1,
        null
      ],
      "/home/ubuntu/workspace/app/helpers/admin/application_helper.rb": [
        1,
        null
      ],
      "/home/ubuntu/workspace/app/helpers/admin/shorts_helper.rb": [
        1,
        null
      ],
      "/home/ubuntu/workspace/app/helpers/admin/user_helper.rb": [
        1,
        null
      ],
      "/home/ubuntu/workspace/app/helpers/advertisements_helper.rb": [
        1,
        null,
        1,
        20,
        null,
        null,
        null
      ],
      "/home/ubuntu/workspace/app/helpers/application_helper.rb": [
        1,
        null
      ],
      "/home/ubuntu/workspace/app/helpers/greetings_helper.rb": [
        1,
        null
      ],
      "/home/ubuntu/workspace/app/helpers/password_resets_helper.rb": [
        1,
        null
      ],
      "/home/ubuntu/workspace/app/helpers/shorts_helper.rb": [
        1,
        null,
        1,
        90,
        null,
        null,
        1,
        10,
        null,
        null,
        null
      ],
      "/home/ubuntu/workspace/app/helpers/static_pages_helper.rb": [
        1,
        null
      ],
      "/home/ubuntu/workspace/app/helpers/test_helper.rb": [
        1,
        1,
        1,
        74,
        null,
        74,
        74,
        null,
        74,
        null,
        null,
        null
      ],
      "/home/ubuntu/workspace/app/helpers/user_helper.rb": [
        1,
        null,
        1,
        63,
        null,
        null,
        null
      ],
      "/home/ubuntu/workspace/spec/features/admin/admin_advertisements/ads_paginations_spec.rb": [
        1,
        1,
        null,
        null,
        1,
        null,
        8,
        null,
        1,
        7,
        35,
        35,
        35,
        35,
        null,
        7,
        7,
        7,
        null,
        null,
        1,
        1,
        null,
        null,
        1,
        1,
        1,
        1,
        1,
        null,
        null,
        1,
        1,
        1,
        1,
        null,
        null,
        null,
        1,
        1,
        1,
        1,
        1,
        null,
        null,
        1,
        1,
        1,
        null,
        null,
        1,
        1,
        1,
        null,
        null,
        1,
        1,
        1,
        null,
        null,
        null
      ],
      "/home/ubuntu/workspace/spec/features/admin/admin_advertisements/ads_search_form_spec.rb": [
        1,
        1,
        null,
        1,
        null,
        4,
        null,
        1,
        3,
        6,
        6,
        6,
        null,
        3,
        3,
        3,
        null,
        null,
        1,
        1,
        null,
        null,
        1,
        1,
        1,
        1,
        null,
        null,
        1,
        1,
        1,
        1,
        1,
        null,
        null,
        null
      ],
      "/home/ubuntu/workspace/spec/features/admin/admin_advertisements/ads_show_action_spec.rb": [
        1,
        1,
        null,
        1,
        null,
        3,
        null,
        1,
        2,
        null,
        null,
        2,
        2,
        2,
        2,
        null,
        null,
        1,
        1,
        null,
        null,
        1,
        1,
        1,
        1,
        null,
        null,
        null
      ],
      "/home/ubuntu/workspace/spec/features/admin/shorts/short_destroy_action_spec.rb": [
        1,
        1,
        null,
        1,
        null,
        3,
        null,
        1,
        2,
        2,
        2,
        2,
        2,
        null,
        null,
        1,
        1,
        null,
        null,
        1,
        1,
        1,
        null,
        null,
        null
      ],
      "/home/ubuntu/workspace/spec/features/admin/shorts/short_paginations_spec.rb": [
        1,
        1,
        null,
        null,
        1,
        null,
        1,
        7,
        7,
        35,
        35,
        null,
        7,
        7,
        7,
        7,
        null,
        null,
        1,
        1,
        null,
        null,
        1,
        1,
        1,
        1,
        1,
        null,
        null,
        1,
        1,
        1,
        1,
        null,
        null,
        null,
        1,
        1,
        1,
        1,
        1,
        null,
        null,
        1,
        1,
        1,
        null,
        null,
        1,
        1,
        1,
        null,
        null,
        1,
        1,
        1,
        null,
        null,
        null
      ],
      "/home/ubuntu/workspace/spec/features/admin/shorts/short_search_form_spec.rb": [
        1,
        1,
        null,
        1,
        null,
        4,
        null,
        1,
        3,
        6,
        6,
        null,
        3,
        3,
        3,
        null,
        null,
        1,
        1,
        null,
        null,
        1,
        1,
        1,
        1,
        null,
        null,
        1,
        1,
        1,
        1,
        1,
        null,
        null,
        null
      ],
      "/home/ubuntu/workspace/spec/features/admin/shorts/short_show_action_spec.rb": [
        1,
        1,
        null,
        1,
        null,
        3,
        null,
        1,
        2,
        2,
        2,
        2,
        2,
        2,
        null,
        null,
        1,
        1,
        null,
        null,
        1,
        1,
        1,
        null,
        null,
        null,
        null
      ],
      "/home/ubuntu/workspace/spec/features/admin/user/users_destroy_action_spec.rb": [
        1,
        1,
        null,
        1,
        null,
        4,
        2,
        null,
        1,
        3,
        3,
        3,
        3,
        null,
        null,
        1,
        1,
        null,
        null,
        1,
        1,
        1,
        1,
        1,
        null,
        null,
        1,
        1,
        1,
        1,
        1,
        null,
        null,
        null
      ],
      "/home/ubuntu/workspace/spec/features/admin/user/users_edit_action_spec.rb": [
        1,
        1,
        null,
        1,
        null,
        4,
        null,
        1,
        3,
        null,
        null,
        null,
        3,
        3,
        3,
        3,
        3,
        3,
        null,
        null,
        1,
        1,
        null,
        null,
        1,
        1,
        1,
        1,
        1,
        1,
        null,
        null,
        1,
        1,
        1,
        1,
        1,
        null,
        null,
        null,
        null
      ],
      "/home/ubuntu/workspace/spec/features/admin/user/users_paginations_spec.rb": [
        1,
        1,
        null,
        null,
        1,
        null,
        1,
        7,
        7,
        35,
        35,
        35,
        35,
        null,
        7,
        7,
        7,
        null,
        null,
        1,
        1,
        null,
        null,
        1,
        1,
        1,
        1,
        1,
        null,
        null,
        1,
        1,
        1,
        1,
        null,
        null,
        null,
        1,
        1,
        1,
        1,
        1,
        null,
        null,
        1,
        1,
        1,
        null,
        null,
        1,
        1,
        1,
        null,
        null,
        1,
        1,
        1,
        null,
        null,
        null
      ],
      "/home/ubuntu/workspace/spec/features/admin/user/users_search_form_spec.rb": [
        1,
        1,
        null,
        1,
        null,
        1,
        3,
        6,
        6,
        6,
        6,
        null,
        3,
        3,
        3,
        null,
        null,
        1,
        1,
        null,
        null,
        1,
        1,
        1,
        1,
        null,
        null,
        1,
        1,
        1,
        1,
        1,
        null,
        null,
        null
      ],
      "/home/ubuntu/workspace/spec/features/admin/user/users_show_action_spec.rb": [
        1,
        1,
        null,
        1,
        null,
        3,
        null,
        1,
        2,
        2,
        2,
        2,
        2,
        2,
        null,
        null,
        1,
        1,
        null,
        null,
        1,
        1,
        1,
        null,
        null,
        null,
        null
      ],
      "/home/ubuntu/workspace/spec/features/advertisements/ads_create_action_spec.rb": [
        1,
        1,
        null,
        1,
        null,
        5,
        null,
        1,
        4,
        4,
        4,
        4,
        null,
        null,
        1,
        1,
        null,
        null,
        1,
        1,
        1,
        1,
        1,
        null,
        null,
        1,
        1,
        1,
        1,
        1,
        null,
        null,
        1,
        1,
        1,
        1,
        1,
        null,
        null,
        null
      ],
      "/home/ubuntu/workspace/spec/features/advertisements/ads_destroy_action_spec.rb": [
        1,
        1,
        null,
        1,
        null,
        3,
        null,
        1,
        2,
        null,
        null,
        2,
        2,
        2,
        null,
        null,
        1,
        1,
        null,
        null,
        1,
        1,
        1,
        null,
        null,
        null
      ],
      "/home/ubuntu/workspace/spec/features/advertisements/ads_edit_action_spec.rb": [
        1,
        1,
        null,
        1,
        null,
        4,
        null,
        1,
        3,
        null,
        null,
        3,
        3,
        3,
        3,
        null,
        null,
        1,
        1,
        null,
        null,
        1,
        1,
        1,
        1,
        1,
        null,
        null,
        1,
        1,
        1,
        1,
        null,
        null,
        null
      ],
      "/home/ubuntu/workspace/spec/features/advertisements/ads_paginations_spec.rb": [
        1,
        1,
        null,
        null,
        1,
        null,
        8,
        null,
        1,
        7,
        35,
        35,
        35,
        35,
        null,
        7,
        7,
        7,
        null,
        null,
        1,
        1,
        null,
        null,
        1,
        1,
        1,
        1,
        1,
        null,
        null,
        1,
        1,
        1,
        1,
        null,
        null,
        null,
        1,
        1,
        1,
        1,
        1,
        null,
        null,
        1,
        1,
        1,
        null,
        null,
        1,
        1,
        1,
        null,
        null,
        1,
        1,
        1,
        null,
        null,
        null
      ],
      "/home/ubuntu/workspace/spec/features/advertisements/ads_search_form_spec.rb": [
        1,
        1,
        null,
        1,
        null,
        4,
        null,
        1,
        3,
        6,
        6,
        6,
        null,
        3,
        3,
        3,
        null,
        null,
        1,
        1,
        null,
        null,
        1,
        1,
        1,
        1,
        null,
        null,
        1,
        1,
        1,
        1,
        1,
        null,
        null,
        null
      ],
      "/home/ubuntu/workspace/spec/features/advertisements/ads_show_action_spec.rb": [
        1,
        1,
        null,
        1,
        null,
        3,
        null,
        1,
        2,
        null,
        null,
        2,
        2,
        2,
        2,
        null,
        null,
        1,
        1,
        null,
        null,
        1,
        1,
        1,
        1,
        null,
        null,
        null
      ],
      "/home/ubuntu/workspace/spec/features/devise/forgot_password_page_spec.rb": [
        1,
        null,
        1,
        null,
        4,
        null,
        1,
        6,
        6,
        6,
        null,
        null,
        1,
        1,
        null,
        null,
        1,
        1,
        1,
        1,
        null,
        null,
        null,
        1,
        1,
        1,
        1,
        null,
        null,
        1,
        null,
        1,
        3,
        3,
        null,
        null,
        1,
        1,
        null,
        null,
        1,
        1,
        null,
        null,
        1,
        1,
        1,
        1,
        null,
        null,
        null,
        null,
        null
      ],
      "/home/ubuntu/workspace/spec/features/devise/login_page_spec.rb": [
        1,
        null,
        1,
        null,
        4,
        null,
        1,
        4,
        4,
        null,
        null,
        1,
        1,
        null,
        null,
        1,
        1,
        1,
        1,
        1,
        null,
        null,
        1,
        1,
        1,
        1,
        1,
        null,
        null,
        1,
        1,
        1,
        1,
        1,
        1,
        1,
        1,
        null,
        null,
        null
      ],
      "/home/ubuntu/workspace/spec/features/devise/logout_user_spec.rb": [
        1,
        1,
        null,
        1,
        null,
        2,
        null,
        1,
        1,
        1,
        1,
        null,
        null,
        1,
        1,
        1,
        1,
        null,
        null,
        null,
        null
      ],
      "/home/ubuntu/workspace/spec/features/devise/reset_password_page_spec.rb": [
        1,
        null,
        1,
        null,
        5,
        null,
        1,
        4,
        4,
        4,
        4,
        4,
        4,
        4,
        null,
        null,
        1,
        1,
        null,
        null,
        1,
        1,
        1,
        1,
        1,
        null,
        null,
        1,
        1,
        1,
        1,
        1,
        null,
        null,
        1,
        1,
        1,
        1,
        1,
        null,
        null,
        null
      ],
      "/home/ubuntu/workspace/spec/features/devise/signup_page_spec.rb": [
        1,
        null,
        1,
        null,
        2,
        null,
        null,
        1,
        6,
        6,
        null,
        null,
        1,
        1,
        null,
        null,
        1,
        1,
        1,
        1,
        1,
        1,
        1,
        1,
        null,
        null,
        1,
        1,
        1,
        1,
        1,
        1,
        null,
        null,
        1,
        1,
        1,
        1,
        1,
        1,
        1,
        null,
        null,
        1,
        1,
        1,
        1,
        1,
        1,
        null,
        null,
        null,
        1,
        1,
        1,
        1,
        1,
        1,
        1,
        null,
        null,
        null
      ],
      "/home/ubuntu/workspace/spec/features/greetings/hello_page_spec.rb": [
        1,
        null,
        1,
        1,
        1,
        1,
        null,
        null
      ],
      "/home/ubuntu/workspace/spec/features/layouts/layouts_spec.rb": [
        1,
        1,
        null,
        1,
        null,
        2,
        2,
        null,
        1,
        5,
        null,
        null,
        1,
        1,
        1,
        null,
        null,
        1,
        1,
        1,
        1,
        null,
        null,
        1,
        1,
        1,
        1,
        1,
        1,
        null,
        null,
        null,
        1,
        1,
        1,
        null,
        null,
        1,
        1,
        null,
        null,
        null,
        null
      ],
      "/home/ubuntu/workspace/spec/features/shorts/short_create_and_show_action_spec.rb": [
        1,
        null,
        1,
        null,
        1,
        5,
        null,
        null,
        1,
        1,
        null,
        null,
        1,
        1,
        1,
        1,
        null,
        null,
        1,
        1,
        1,
        1,
        null,
        null,
        1,
        1,
        1,
        1,
        1,
        1,
        null,
        null,
        1,
        1,
        1,
        1,
        1,
        null,
        null
      ],
      "/home/ubuntu/workspace/spec/features/static_pages/home_page_spec.rb": [
        1,
        null,
        1,
        null,
        1,
        2,
        null,
        null,
        1,
        1,
        null,
        null,
        1,
        1,
        null,
        null,
        null
      ],
      "/home/ubuntu/workspace/spec/features/static_pages/redirect_page_spec.rb": [
        1,
        null,
        1,
        null,
        1,
        2,
        2,
        null,
        null,
        1,
        1,
        null,
        null,
        1,
        1,
        null,
        null,
        null
      ],
      "/home/ubuntu/workspace/spec/features/static_pages/welcome_page_spec.rb": [
        1,
        1,
        null,
        1,
        null,
        4,
        2,
        null,
        1,
        3,
        3,
        null,
        null,
        1,
        1,
        null,
        null,
        1,
        1,
        1,
        1,
        null,
        null,
        1,
        1,
        1,
        1,
        null,
        null
      ],
      "/home/ubuntu/workspace/app/models/advertisement.rb": [
        1,
        1,
        1,
        1,
        1,
        1,
        1,
        null,
        1,
        48,
        4,
        null,
        44,
        null,
        null,
        null,
        1,
        96,
        1,
        null,
        null,
        null,
        null
      ],
      "/home/ubuntu/workspace/app/uploaders/picture_uploader.rb": [
        1,
        null,
        null,
        null,
        1,
        1,
        null,
        null,
        1,
        null,
        null,
        1,
        0,
        null,
        1,
        null,
        null,
        null,
        null,
        1,
        105,
        null,
        null,
        1,
        0,
        null,
        null,
        null,
        null,
        null,
        null,
        null,
        null,
        null,
        null,
        null,
        null,
        null,
        null,
        null,
        null,
        null,
        null,
        null,
        null,
        null,
        null,
        null,
        null,
        null,
        null,
        null,
        null,
        null,
        null,
        null,
        null,
        null,
        null,
        null
      ],
      "/home/ubuntu/workspace/app/controllers/application_controller.rb": [
        1,
        1,
        1,
        null,
        1,
        null,
        1,
        227,
        222,
        null,
        null,
        1,
        null,
        1,
        8,
        8,
        0,
        0,
        null,
        null,
        null,
        null,
        null
      ],
      "/home/ubuntu/workspace/app/controllers/static_pages_controller.rb": [
        1,
        1,
        46,
        46,
        null,
        null,
        1,
        3,
        0,
        0,
        null,
        3,
        null,
        null,
        1,
        141,
        1,
        null,
        140,
        null,
        141,
        null,
        141,
        84,
        null,
        57,
        null,
        null,
        null,
        null
      ],
      "/home/ubuntu/workspace/app/controllers/admin/admin_advertisements_controller.rb": [
        1,
        null,
        1,
        20,
        null,
        null,
        1,
        null,
        null,
        1,
        1,
        1,
        1,
        2,
        1,
        null,
        null,
        null,
        null
      ],
      "/home/ubuntu/workspace/app/controllers/admin/application_controller.rb": [
        1,
        1,
        null,
        null,
        1,
        null,
        1,
        86,
        86,
        0,
        0,
        null,
        null,
        null,
        null,
        null
      ],
      "/home/ubuntu/workspace/app/models/short.rb": [
        1,
        1,
        1,
        1,
        null,
        1,
        51,
        null,
        null,
        1,
        20,
        2,
        null,
        18,
        null,
        null,
        null,
        1,
        null,
        1,
        53,
        15,
        null,
        null,
        null
      ],
      "/home/ubuntu/workspace/app/controllers/admin/shorts_controller.rb": [
        1,
        null,
        null,
        null,
        1,
        20,
        null,
        null,
        null,
        null,
        1,
        1,
        1,
        1,
        2,
        1,
        null,
        null,
        null,
        1,
        null,
        null,
        1,
        0,
        null,
        null,
        null
      ],
      "/home/ubuntu/workspace/app/controllers/admin/user_controller.rb": [
        1,
        null,
        1,
        31,
        null,
        null,
        1,
        null,
        null,
        1,
        2,
        2,
        1,
        1,
        2,
        1,
        null,
        null,
        1,
        2,
        1,
        null,
        null,
        null,
        null,
        null,
        1,
        3,
        null,
        null,
        1,
        2,
        2,
        2,
        2,
        1,
        null,
        2,
        1,
        null,
        null,
        null,
        null,
        1,
        null,
        null,
        1,
        2,
        null,
        null,
        null
      ],
      "/home/ubuntu/workspace/app/controllers/advertisements_controller.rb": [
        1,
        1,
        null,
        null,
        1,
        28,
        null,
        null,
        1,
        null,
        null,
        1,
        4,
        null,
        null,
        1,
        3,
        null,
        null,
        1,
        3,
        3,
        3,
        2,
        1,
        null,
        4,
        2,
        null,
        null,
        null,
        null,
        1,
        2,
        2,
        2,
        2,
        1,
        null,
        2,
        1,
        null,
        null,
        null,
        null,
        1,
        1,
        1,
        1,
        2,
        1,
        null,
        null,
        null,
        null,
        1,
        null,
        1,
        5,
        null,
        null,
        null
      ],
      "/home/ubuntu/workspace/app/controllers/greetings_controller.rb": [
        1,
        1,
        1,
        null,
        null
      ],
      "/home/ubuntu/workspace/app/controllers/shorts_controller.rb": [
        1,
        1,
        null,
        null,
        null,
        1,
        null,
        null,
        null,
        1,
        0,
        null,
        null,
        null,
        null,
        null,
        1,
        4,
        4,
        4,
        4,
        2,
        null,
        4,
        2,
        null,
        null,
        null,
        null,
        null,
        1,
        null,
        null,
        1,
        0,
        null,
        null,
        null,
        1,
        4,
        null,
        null
      ]
    },
    "timestamp": 1499613343
  }
}
